0 info it worked if it ends with ok
1 verbose cli [ '/home/joker/.nvm/versions/node/v6.9.4/bin/node',
1 verbose cli   '/home/joker/.nvm/versions/node/v6.9.4/bin/npm',
1 verbose cli   'run',
1 verbose cli   'styles' ]
2 info using npm@3.10.10
3 info using node@v6.9.4
4 verbose run-script [ 'prestyles', 'styles', 'poststyles' ]
5 info lifecycle tempestadilibri@0.1.0~prestyles: tempestadilibri@0.1.0
6 silly lifecycle tempestadilibri@0.1.0~prestyles: no script for prestyles, continuing
7 info lifecycle tempestadilibri@0.1.0~styles: tempestadilibri@0.1.0
8 verbose lifecycle tempestadilibri@0.1.0~styles: unsafe-perm in lifecycle true
9 verbose lifecycle tempestadilibri@0.1.0~styles: PATH: /home/joker/.nvm/versions/node/v6.9.4/lib/node_modules/npm/bin/node-gyp-bin:/home/joker/Projects/jk3r77/tempestadilibri/tempestadilibri/node_modules/.bin:/home/joker/.nvm/versions/node/v6.9.4/bin:/home/joker/bin:/home/joker/.local/bin:/usr/local/sbin:/usr/local/bin:/usr/sbin:/usr/bin:/sbin:/bin:/usr/games:/usr/local/games:/snap/bin
10 verbose lifecycle tempestadilibri@0.1.0~styles: CWD: /home/joker/Projects/jk3r77/tempestadilibri/tempestadilibri
11 silly lifecycle tempestadilibri@0.1.0~styles: Args: [ '-c', 'gulp styles' ]
12 silly lifecycle tempestadilibri@0.1.0~styles: Returned: code: 1  signal: null
13 info lifecycle tempestadilibri@0.1.0~styles: Failed to exec styles script
14 verbose stack Error: tempestadilibri@0.1.0 styles: `gulp styles`
14 verbose stack Exit status 1
14 verbose stack     at EventEmitter.<anonymous> (/home/joker/.nvm/versions/node/v6.9.4/lib/node_modules/npm/lib/utils/lifecycle.js:255:16)
14 verbose stack     at emitTwo (events.js:106:13)
14 verbose stack     at EventEmitter.emit (events.js:191:7)
14 verbose stack     at ChildProcess.<anonymous> (/home/joker/.nvm/versions/node/v6.9.4/lib/node_modules/npm/lib/utils/spawn.js:40:14)
14 verbose stack     at emitTwo (events.js:106:13)
14 verbose stack     at ChildProcess.emit (events.js:191:7)
14 verbose stack     at maybeClose (internal/child_process.js:877:16)
14 verbose stack     at Process.ChildProcess._handle.onexit (internal/child_process.js:226:5)
15 verbose pkgid tempestadilibri@0.1.0
16 verbose cwd /home/joker/Projects/jk3r77/tempestadilibri/tempestadilibri
17 error Linux 4.4.0-62-generic
18 error argv "/home/joker/.nvm/versions/node/v6.9.4/bin/node" "/home/joker/.nvm/versions/node/v6.9.4/bin/npm" "run" "styles"
19 error node v6.9.4
20 error npm  v3.10.10
21 error code ELIFECYCLE
22 error tempestadilibri@0.1.0 styles: `gulp styles`
22 error Exit status 1
23 error Failed at the tempestadilibri@0.1.0 styles script 'gulp styles'.
23 error Make sure you have the latest version of node.js and npm installed.
23 error If you do, this is most likely a problem with the tempestadilibri package,
23 error not with npm itself.
23 error Tell the author that this fails on your system:
23 error     gulp styles
23 error You can get information on how to open an issue for this project with:
23 error     npm bugs tempestadilibri
23 error Or if that isn't available, you can get their info via:
23 error     npm owner ls tempestadilibri
23 error There is likely additional logging output above.
24 verbose exit [ 1, true ]
